2023-04-19 05:57:50,606 [Worker-0: Loading available Gradle versions] INFO  o.e.b.c.i.u.g.PublishedGradleVersions - Gradle version information cache is up-to-date. Trying to read.
2023-04-19 05:59:52,755 [Worker-5: Loading available Gradle versions] INFO  o.e.b.c.i.u.g.PublishedGradleVersions - Gradle version information cache is up-to-date. Trying to read.
2023-04-19 06:00:38,599 [Worker-1: Import Getting Started Content] INFO  o.e.m.c.i.l.LifecycleMappingFactory - Using org.eclipse.m2e.jdt.JarLifecycleMapping lifecycle mapping for MavenProject: com.example:19:0.0.1-SNAPSHOT @ C:\Users\Govardhana Thangavel\Documents\workspace-spring-tool-suite-4-4.18.0.RELEASE\DAY1\today18\19\pom.xml.
2023-04-19 06:00:41,596 [Worker-1: Import Getting Started Content] INFO  o.e.m.j.i.AbstractJavaProjectConfigurator - Adding source folder /19/src/main/java
2023-04-19 06:00:41,597 [Worker-1: Import Getting Started Content] INFO  o.e.m.j.i.AbstractJavaProjectConfigurator - Adding resource folder /19/src/main/resources
2023-04-19 06:00:41,606 [Worker-1: Import Getting Started Content] INFO  o.e.m.j.i.AbstractJavaProjectConfigurator - Adding resource folder /19/src/main/resources
2023-04-19 06:00:41,615 [Worker-1: Import Getting Started Content] INFO  o.e.m.j.i.AbstractJavaProjectConfigurator - Adding source folder /19/src/test/java
2023-04-19 06:00:45,374 [Worker-1: Import Getting Started Content] INFO  o.e.m.c.i.p.ProjectConfigurationManager - Imported and configured 1 project(s) in 10 sec
2023-04-19 06:00:45,382 [Worker-1: Import Getting Started Content] INFO  o.e.m.c.i.p.ProjectConfigurationManager - Update started
2023-04-19 06:00:45,799 [Worker-1: Import Getting Started Content] INFO  o.e.m.c.i.l.LifecycleMappingFactory - Using org.eclipse.m2e.jdt.JarLifecycleMapping lifecycle mapping for MavenProject: com.example:19:0.0.1-SNAPSHOT @ C:\Users\Govardhana Thangavel\Documents\workspace-spring-tool-suite-4-4.18.0.RELEASE\DAY1\today18\19\pom.xml.
2023-04-19 06:00:46,396 [Worker-1: Import Getting Started Content] INFO  o.e.m.j.i.AbstractJavaProjectConfigurator - Adding source folder /19/src/main/java
2023-04-19 06:00:46,397 [Worker-1: Import Getting Started Content] INFO  o.e.m.j.i.AbstractJavaProjectConfigurator - Adding resource folder /19/src/main/resources
2023-04-19 06:00:46,399 [Worker-1: Import Getting Started Content] INFO  o.e.m.j.i.AbstractJavaProjectConfigurator - Adding resource folder /19/src/main/resources
2023-04-19 06:00:46,401 [Worker-1: Import Getting Started Content] INFO  o.e.m.j.i.AbstractJavaProjectConfigurator - Adding source folder /19/src/test/java
2023-04-19 06:00:46,909 [Worker-1: Import Getting Started Content] INFO  o.e.m.c.i.p.ProjectConfigurationManager - Update completed for 1 poms: local refresh takes 0.00 sec, refresh facades takes 0.00 sec, update config takes 0.00 sec 
2023-04-19 06:00:47,772 [Worker-4: Building] INFO  o.a.m.s.f.DefaultMavenResourcesFiltering - Copying 1 resource
2023-04-19 06:00:47,810 [Worker-4: Building] INFO  o.a.m.s.f.DefaultMavenResourcesFiltering - Copying 0 resource
2023-04-19 06:00:47,820 [Worker-4: Building] INFO  o.a.m.s.f.DefaultMavenResourcesFiltering - skip non existing resourceDirectory C:\Users\Govardhana Thangavel\Documents\workspace-spring-tool-suite-4-4.18.0.RELEASE\DAY1\today18\19\src\test\resources
2023-04-19 06:08:43,580 [Worker-10: Launching 19 - Application] INFO  o.a.m.s.f.DefaultMavenResourcesFiltering - Copying 1 resource
2023-04-19 06:08:43,593 [Worker-10: Launching 19 - Application] INFO  o.a.m.s.f.DefaultMavenResourcesFiltering - Copying 0 resource
2023-04-19 06:08:43,601 [Worker-10: Launching 19 - Application] INFO  o.a.m.s.f.DefaultMavenResourcesFiltering - skip non existing resourceDirectory C:\Users\Govardhana Thangavel\Documents\workspace-spring-tool-suite-4-4.18.0.RELEASE\DAY1\today18\19\src\test\resources
2023-04-19 06:09:29,143 [Worker-6: Launching 19 - Application] INFO  o.a.m.s.f.DefaultMavenResourcesFiltering - Copying 1 resource
2023-04-19 06:09:29,174 [Worker-6: Launching 19 - Application] INFO  o.a.m.s.f.DefaultMavenResourcesFiltering - Copying 0 resource
2023-04-19 06:09:29,182 [Worker-6: Launching 19 - Application] INFO  o.a.m.s.f.DefaultMavenResourcesFiltering - skip non existing resourceDirectory C:\Users\Govardhana Thangavel\Documents\workspace-spring-tool-suite-4-4.18.0.RELEASE\DAY1\today18\19\src\test\resources
2023-04-19 09:43:44,571 [Worker-0: Loading available Gradle versions] INFO  o.e.b.c.i.u.g.PublishedGradleVersions - Gradle version information cache is up-to-date. Trying to read.
2023-04-19 09:47:12,433 [Worker-10: Building] INFO  o.a.m.s.f.DefaultMavenResourcesFiltering - Copying 1 resource
2023-04-19 09:47:12,459 [Worker-10: Building] INFO  o.a.m.s.f.DefaultMavenResourcesFiltering - Copying 0 resource
2023-04-19 09:47:12,467 [Worker-10: Building] INFO  o.a.m.s.f.DefaultMavenResourcesFiltering - skip non existing resourceDirectory C:\Users\Govardhana Thangavel\Documents\workspace-spring-tool-suite-4-4.18.0.RELEASE\DAY1\today18\19\src\test\resources
2023-04-19 09:49:32,637 [Worker-9: Building] INFO  o.a.m.s.f.DefaultMavenResourcesFiltering - Copying 1 resource
2023-04-19 09:49:32,644 [Worker-9: Building] INFO  o.a.m.s.f.DefaultMavenResourcesFiltering - Copying 0 resource
2023-04-19 09:49:32,647 [Worker-9: Building] INFO  o.a.m.s.f.DefaultMavenResourcesFiltering - skip non existing resourceDirectory C:\Users\Govardhana Thangavel\Documents\workspace-spring-tool-suite-4-4.18.0.RELEASE\DAY1\today18\19\src\test\resources
2023-04-19 12:59:40,273 [Worker-14: Building] INFO  o.a.m.s.f.DefaultMavenResourcesFiltering - Copying 1 resource
2023-04-19 12:59:40,338 [Worker-14: Building] INFO  o.a.m.s.f.DefaultMavenResourcesFiltering - Copying 0 resource
2023-04-19 12:59:40,338 [Worker-14: Building] INFO  o.a.m.s.f.DefaultMavenResourcesFiltering - skip non existing resourceDirectory C:\Users\Govardhana Thangavel\Documents\workspace-spring-tool-suite-4-4.18.0.RELEASE\DAY1\today18\19\src\test\resources
2023-04-19 13:01:12,331 [Worker-2: Loading available Gradle versions] INFO  o.e.b.c.i.u.g.PublishedGradleVersions - Gradle version information cache is up-to-date. Trying to read.
2023-04-20 11:48:49,092 [Worker-1: Loading available Gradle versions] INFO  o.e.b.c.i.u.g.PublishedGradleVersions - Gradle version information cache is out-of-date. Trying to update.
2023-04-20 11:49:18,846 [Worker-2: Loading available Gradle versions] INFO  o.e.b.c.i.u.g.PublishedGradleVersions - Gradle version information cache is up-to-date. Trying to read.
